<?xml version="1.0" encoding="UTF-8"?>
<!-- Generated by org.testng.reporters.JUnitXMLReporter -->
<testsuite hostname="aham" ignored="3" name="Test" tests="6" failures="0" timestamp="2023-02-09T18:45:51 IST" time="0.048" errors="0">
  <testcase name="demo1" time="0.007" classname="practiceChapter3.ThirdTest"/>
  <testcase name="demo2" time="0.001" classname="practiceChapter3.ThirdTest"/>
  <testcase name="demo3" time="0.001" classname="practiceChapter3.ThirdTest"/>
  <testcase name="demo2" time="0.001" classname="practiceChapter3.FirstTest"/>
  <testcase name="demo3" time="0.0" classname="practiceChapter3.FirstTest"/>
  <testcase name="demo2" time="0.001" classname="practiceChapter3.SecondTest"/>
  <testcase name="demo1" time="0.0" classname="practiceChapter3.SecondTest">
    <ignored/>
  </testcase> <!-- demo1 -->
  <testcase name="demo1" time="0.0" classname="practiceChapter3.FirstTest">
    <ignored/>
  </testcase> <!-- demo1 -->
  <testcase name="demo3" time="0.0" classname="practiceChapter3.SecondTest">
    <ignored/>
  </testcase> <!-- demo3 -->
</testsuite> <!-- Test -->
